
instance simple1 {
    nx = 3, ny = 2, scale_fac = 1, do_blocking = 0,
    yoff_output = [0], yoff_input = [0, 1]
}
solution simple1 sol1 {
    .>S>.>
    ..S>.>
}

instance 1to3 {
    nx = 4, ny = 5, scale_fac = 1, do_blocking = 0,
    yoff_output = [1], yoff_input = [0, 1, 2]    
}
solution 1to3 sol1 {
    ....S>.>
    .>S>S>.>
    .>S>S>.>
    .^..S>.v
    .^.<.<.<
}

instance 2to5 {
    nx = 6, ny = 6, scale_fac = 2, do_blocking = 0,
    yoff_output = [3, 4], yoff_input = [ 1, 2, 3, 4, 5]
}
solution 2to5 sol1 {
    .v.<.<.<.<..
    .v..S>>u.^u>
    .>S>S>S>.^S>
    S>S>.>S>S>S>
    S>.>.>.>S>S>
    ..........S>
}
